{
  "RSpec": {
    "coverage": {
      "/Users/loureade/Learning_code/MAKERS/after_makers/boris_bikes_v2/spec/Bike_spec.rb": {
        "lines": [
          1,
          null,
          1,
          4,
          null,
          1,
          1,
          1,
          null,
          null,
          1,
          1,
          1,
          null,
          null,
          1,
          1,
          1,
          null,
          null
        ]
      },
      "/Users/loureade/Learning_code/MAKERS/after_makers/boris_bikes_v2/spec/DockingStation_spec.rb": {
        "lines": [
          1,
          null,
          1,
          8,
          7,
          null,
          1,
          1,
          null,
          1,
          null,
          null,
          1,
          21,
          2,
          null,
          null,
          null,
          1,
          1,
          3,
          null,
          null,
          1,
          1,
          1,
          1,
          null,
          null,
          1,
          1,
          2,
          null,
          null,
          1,
          1,
          1,
          1,
          1,
          null,
          null,
          null,
          1,
          1,
          2,
          null,
          null,
          null,
          1,
          1,
          1,
          1,
          null,
          null
        ]
      },
      "/Users/loureade/Learning_code/MAKERS/after_makers/boris_bikes_v2/spec/features/feature_spec.rb": {
        "lines": [
          1,
          null,
          1,
          1,
          1,
          1,
          1,
          null,
          null,
          1,
          1,
          1,
          1,
          1,
          1,
          1,
          null,
          null,
          null,
          1,
          1,
          1,
          1,
          null,
          null,
          null,
          null
        ]
      }
    },
    "timestamp": 1629449913
  }
}
